::1 - - [19/Oct/2023:15:02:36 -0700] "GET / HTTP/1.1" 200 46
::1 - - [19/Oct/2023:15:02:36 -0700] "GET /favicon.ico HTTP/1.1" 404 196
::1 - - [19/Oct/2023:15:06:33 -0700] "GET / HTTP/1.1" 304 -
::1 - - [19/Oct/2023:15:06:39 -0700] "GET /test.py HTTP/1.1" 200 15
::1 - - [19/Oct/2023:15:07:35 -0700] "GET /test.py HTTP/1.1" 200 19
::1 - - [19/Oct/2023:15:09:55 -0700] "GET /test.py HTTP/1.1" 200 39
::1 - - [19/Oct/2023:15:09:57 -0700] "GET /test.py HTTP/1.1" 200 39
::1 - - [19/Oct/2023:15:10:07 -0700] "GET /test.py HTTP/1.1" 200 43
::1 - - [19/Oct/2023:15:10:08 -0700] "GET /test.py HTTP/1.1" 200 43
::1 - - [19/Oct/2023:15:10:09 -0700] "GET /test.py HTTP/1.1" 200 43
::1 - - [19/Oct/2023:15:10:30 -0700] "GET /test.py HTTP/1.1" 200 43
::1 - - [19/Oct/2023:15:10:30 -0700] "GET /test.py HTTP/1.1" 200 43
::1 - - [19/Oct/2023:15:10:31 -0700] "GET /test.py HTTP/1.1" 200 43
::1 - - [19/Oct/2023:15:12:02 -0700] "GET /test.py HTTP/1.1" 200 45
::1 - - [19/Oct/2023:15:12:03 -0700] "GET /test.py HTTP/1.1" 200 45
::1 - - [19/Oct/2023:15:12:04 -0700] "GET /test.py HTTP/1.1" 200 45
::1 - - [19/Oct/2023:15:12:16 -0700] "GET /test.py HTTP/1.1" 200 60
::1 - - [19/Oct/2023:15:12:36 -0700] "GET /test.py HTTP/1.1" 200 54
::1 - - [19/Oct/2023:15:15:02 -0700] "GET /test.py HTTP/1.1" 200 54
::1 - - [19/Oct/2023:15:15:03 -0700] "GET /test.py HTTP/1.1" 200 54
::1 - - [19/Oct/2023:15:15:31 -0700] "GET /test.py HTTP/1.1" 200 54
::1 - - [19/Oct/2023:15:15:32 -0700] "GET /test.py HTTP/1.1" 200 54
::1 - - [19/Oct/2023:15:15:39 -0700] "GET /test.py HTTP/1.1" 200 54
::1 - - [19/Oct/2023:15:15:45 -0700] "GET /test.py HTTP/1.1" 200 54
::1 - - [19/Oct/2023:15:15:48 -0700] "GET /test.py HTTP/1.1" 200 54
::1 - - [20/Oct/2023:15:39:22 -0700] "GET / HTTP/1.1" 304 -
::1 - - [20/Oct/2023:15:39:22 -0700] "GET /favicon.ico HTTP/1.1" 404 196
::1 - - [20/Oct/2023:15:39:26 -0700] "GET /test.py HTTP/1.1" 200 43
::1 - - [20/Oct/2023:15:41:19 -0700] "GET /test.py HTTP/1.1" 200 31
::1 - - [08/Nov/2023:16:49:08 -0800] "GET / HTTP/1.1" 200 10664
::1 - - [08/Nov/2023:16:49:10 -0800] "GET /favicon.ico HTTP/1.1" 404 2106
::1 - - [08/Nov/2023:17:28:04 -0800] "GET / HTTP/1.1" 200 10664
::1 - - [08/Nov/2023:17:52:37 -0800] "GET / HTTP/1.1" 200 10664
::1 - - [08/Nov/2023:17:52:37 -0800] "GET /favicon.ico HTTP/1.1" 404 2106
::1 - - [08/Nov/2023:17:52:39 -0800] "GET / HTTP/1.1" 200 10664
::1 - - [08/Nov/2023:17:52:40 -0800] "GET / HTTP/1.1" 200 10664
::1 - - [08/Nov/2023:17:52:41 -0800] "GET / HTTP/1.1" 200 10664
::1 - - [08/Nov/2023:17:56:31 -0800] "GET / HTTP/1.1" 200 10664
::1 - - [08/Nov/2023:17:56:31 -0800] "GET /favicon.ico HTTP/1.1" 404 2106
::1 - - [08/Nov/2023:18:00:17 -0800] "GET / HTTP/1.1" 200 10664
::1 - - [08/Nov/2023:18:00:30 -0800] "GET / HTTP/1.1" 200 10664
::1 - - [08/Nov/2023:18:00:30 -0800] "GET /favicon.ico HTTP/1.1" 404 2106
::1 - - [08/Nov/2023:18:02:12 -0800] "GET / HTTP/1.1" 200 10664
::1 - - [08/Nov/2023:18:02:23 -0800] "GET / HTTP/1.1" 200 10664
::1 - - [08/Nov/2023:18:02:23 -0800] "GET /favicon.ico HTTP/1.1" 404 2106
::1 - - [08/Nov/2023:18:02:27 -0800] "GET / HTTP/1.1" 200 10664
127.0.0.1 - - [08/Nov/2023:18:03:38 -0800] "GET / HTTP/1.1" 200 10664
127.0.0.1 - - [08/Nov/2023:18:03:38 -0800] "GET /favicon.ico HTTP/1.1" 404 2106
::1 - - [08/Nov/2023:18:04:36 -0800] "GET / HTTP/1.1" 200 10664
::1 - - [08/Nov/2023:18:04:36 -0800] "GET /favicon.ico HTTP/1.1" 404 2106
::1 - - [08/Nov/2023:18:07:06 -0800] "GET / HTTP/1.1" 500 530
::1 - - [08/Nov/2023:18:07:06 -0800] "GET /favicon.ico HTTP/1.1" 500 530
::1 - - [08/Nov/2023:18:07:14 -0800] "GET / HTTP/1.1" 500 530
::1 - - [08/Nov/2023:18:07:14 -0800] "GET /favicon.ico HTTP/1.1" 500 530
::1 - - [08/Nov/2023:18:09:50 -0800] "GET / HTTP/1.1" 500 530
::1 - - [08/Nov/2023:18:09:50 -0800] "GET /favicon.ico HTTP/1.1" 500 530
::1 - - [08/Nov/2023:18:09:52 -0800] "GET / HTTP/1.1" 500 530
::1 - - [08/Nov/2023:18:09:52 -0800] "GET /favicon.ico HTTP/1.1" 500 530
::1 - - [08/Nov/2023:18:09:52 -0800] "GET / HTTP/1.1" 500 530
::1 - - [08/Nov/2023:18:09:52 -0800] "GET /favicon.ico HTTP/1.1" 500 530
::1 - - [08/Nov/2023:18:09:52 -0800] "GET / HTTP/1.1" 500 530
::1 - - [08/Nov/2023:18:09:52 -0800] "GET /favicon.ico HTTP/1.1" 500 530
::1 - - [08/Nov/2023:18:09:53 -0800] "GET / HTTP/1.1" 500 530
::1 - - [08/Nov/2023:18:09:53 -0800] "GET /favicon.ico HTTP/1.1" 500 530
::1 - - [08/Nov/2023:18:09:53 -0800] "GET / HTTP/1.1" 500 530
::1 - - [08/Nov/2023:18:09:53 -0800] "GET /favicon.ico HTTP/1.1" 500 530
::1 - - [08/Nov/2023:18:09:53 -0800] "GET / HTTP/1.1" 500 530
::1 - - [08/Nov/2023:18:09:53 -0800] "GET /favicon.ico HTTP/1.1" 500 530
::1 - - [08/Nov/2023:18:09:53 -0800] "GET / HTTP/1.1" 500 530
::1 - - [08/Nov/2023:18:09:53 -0800] "GET /favicon.ico HTTP/1.1" 500 530
::1 - - [08/Nov/2023:18:09:53 -0800] "GET / HTTP/1.1" 500 530
::1 - - [08/Nov/2023:18:09:53 -0800] "GET /favicon.ico HTTP/1.1" 500 530
::1 - - [08/Nov/2023:18:15:32 -0800] "GET / HTTP/1.1" 500 530
::1 - - [08/Nov/2023:18:15:33 -0800] "GET /favicon.ico HTTP/1.1" 500 530
::1 - - [08/Nov/2023:18:18:17 -0800] "GET / HTTP/1.1" 500 530
::1 - - [08/Nov/2023:18:18:17 -0800] "GET /favicon.ico HTTP/1.1" 500 530
::1 - - [08/Nov/2023:18:18:19 -0800] "GET / HTTP/1.1" 500 530
::1 - - [08/Nov/2023:18:18:19 -0800] "GET /favicon.ico HTTP/1.1" 500 530
::1 - - [08/Nov/2023:18:18:20 -0800] "GET / HTTP/1.1" 500 530
::1 - - [08/Nov/2023:18:18:20 -0800] "GET /favicon.ico HTTP/1.1" 500 530
::1 - - [08/Nov/2023:18:18:22 -0800] "GET / HTTP/1.1" 500 530
::1 - - [08/Nov/2023:18:18:22 -0800] "GET /favicon.ico HTTP/1.1" 500 530
::1 - - [08/Nov/2023:18:27:41 -0800] "GET / HTTP/1.1" 500 530
::1 - - [08/Nov/2023:18:27:41 -0800] "GET /favicon.ico HTTP/1.1" 500 530
::1 - - [09/Nov/2023:12:21:56 -0800] "GET / HTTP/1.1" 500 530
::1 - - [09/Nov/2023:12:21:56 -0800] "GET /favicon.ico HTTP/1.1" 500 530
::1 - - [09/Nov/2023:12:25:52 -0800] "GET / HTTP/1.1" 500 530
::1 - - [09/Nov/2023:12:25:52 -0800] "GET /favicon.ico HTTP/1.1" 500 530
::1 - - [09/Nov/2023:12:25:54 -0800] "GET / HTTP/1.1" 500 530
::1 - - [09/Nov/2023:12:25:54 -0800] "GET /favicon.ico HTTP/1.1" 500 530
::1 - - [09/Nov/2023:12:27:04 -0800] "GET / HTTP/1.1" 500 530
::1 - - [09/Nov/2023:12:27:05 -0800] "GET /favicon.ico HTTP/1.1" 500 530
::1 - - [11/Nov/2023:12:31:32 -0800] "GET / HTTP/1.1" 403 199
::1 - - [11/Nov/2023:12:31:32 -0800] "GET /favicon.ico HTTP/1.1" 403 199
::1 - - [11/Nov/2023:12:31:33 -0800] "GET / HTTP/1.1" 403 199
::1 - - [11/Nov/2023:12:31:33 -0800] "GET /favicon.ico HTTP/1.1" 403 199
::1 - - [11/Nov/2023:12:31:34 -0800] "GET / HTTP/1.1" 403 199
::1 - - [11/Nov/2023:12:31:34 -0800] "GET /favicon.ico HTTP/1.1" 403 199
::1 - - [11/Nov/2023:12:31:34 -0800] "GET / HTTP/1.1" 403 199
::1 - - [11/Nov/2023:12:31:34 -0800] "GET /favicon.ico HTTP/1.1" 403 199
::1 - - [11/Nov/2023:12:31:34 -0800] "GET / HTTP/1.1" 403 199
::1 - - [11/Nov/2023:12:31:34 -0800] "GET /favicon.ico HTTP/1.1" 403 199
::1 - - [11/Nov/2023:12:34:08 -0800] "GET / HTTP/1.1" 403 199
::1 - - [11/Nov/2023:12:34:08 -0800] "GET /favicon.ico HTTP/1.1" 403 199
::1 - - [11/Nov/2023:12:36:19 -0800] "GET / HTTP/1.1" 403 199
::1 - - [11/Nov/2023:12:36:20 -0800] "GET /favicon.ico HTTP/1.1" 403 199
::1 - - [11/Nov/2023:12:38:00 -0800] "GET / HTTP/1.1" 200 10664
::1 - - [11/Nov/2023:12:38:01 -0800] "GET /favicon.ico HTTP/1.1" 404 2106
